Using pre-set license
Built from '2020.3/staging' branch; Version is '2020.3.5f1 (8095aa901b9b) revision 8426922'; Using compiler version '192528614'; Build Type 'Release'
OS: 'Windows 10 Pro; OS build 19042.985; Version 2009; 64bit' Language: 'en' Physical Memory: 32700 MB
BatchMode: 1, IsHumanControllingUs: 0, StartBugReporterOnCrash: 0, Is64bit: 1, IsPro: 0

 COMMAND LINE ARGUMENTS:
C:\Program Files\Unity\Hub\Editor\2020.3.5f1\Editor\Unity.exe
-adb2
-batchMode
-noUpm
-name
AssetImportWorker0
-projectPath
C:/Users/ssdko/Documents/GitHub/Block Breaker
-logFile
Logs/AssetImportWorker0.log
-srvPort
54683
Successfully changed project path to: C:/Users/ssdko/Documents/GitHub/Block Breaker
C:/Users/ssdko/Documents/GitHub/Block Breaker
Using Asset Import Pipeline V2.
Refreshing native plugins compatible for Editor in 27.88 ms, found 1 plugins.
Preloading 0 native plugins for Editor in 0.00 ms.
Initialize engine version: 2020.3.5f1 (8095aa901b9b)
[Subsystems] Discovering subsystems at path C:/Program Files/Unity/Hub/Editor/2020.3.5f1/Editor/Data/Resources/UnitySubsystems
[Subsystems] Discovering subsystems at path C:/Users/ssdko/Documents/GitHub/Block Breaker/Assets
GfxDevice: creating device client; threaded=0
Direct3D:
    Version:  Direct3D 11.0 [level 11.1]
    Renderer: NVIDIA GeForce GTX 1070 (ID=0x1b81)
    Vendor:   
    VRAM:     8088 MB
    Driver:   27.21.14.6109
Initialize mono
Mono path[0] = 'C:/Program Files/Unity/Hub/Editor/2020.3.5f1/Editor/Data/Managed'
Mono path[1] = 'C:/Program Files/Unity/Hub/Editor/2020.3.5f1/Editor/Data/MonoBleedingEdge/lib/mono/unityjit'
Mono config path = 'C:/Program Files/Unity/Hub/Editor/2020.3.5f1/Editor/Data/MonoBleedingEdge/etc'
Using monoOptions --debugger-agent=transport=dt_socket,embedding=1,server=y,suspend=n,address=127.0.0.1:56152
Begin MonoManager ReloadAssembly
Registering precompiled unity dll's ...
Register platform support module: C:/Program Files/Unity/Hub/Editor/2020.3.5f1/Editor/Data/PlaybackEngines/WebGLSupport/UnityEditor.WebGL.Extensions.dll
Register platform support module: C:/Program Files/Unity/Hub/Editor/2020.3.5f1/Editor/Data/PlaybackEngines/MacStandaloneSupport/UnityEditor.OSXStandalone.Extensions.dll
Register platform support module: C:/Program Files/Unity/Hub/Editor/2020.3.5f1/Editor/Data/PlaybackEngines/WindowsStandaloneSupport/UnityEditor.WindowsStandalone.Extensions.dll
Register platform support module: C:/Program Files/Unity/Hub/Editor/2020.3.5f1/Editor/Data/PlaybackEngines/LinuxStandaloneSupport/UnityEditor.LinuxStandalone.Extensions.dll
Registered in 0.002264 seconds.
Native extension for LinuxStandalone target not found
Native extension for WindowsStandalone target not found
Native extension for OSXStandalone target not found
Native extension for WebGL target not found
Refreshing native plugins compatible for Editor in 28.87 ms, found 1 plugins.
Preloading 0 native plugins for Editor in 0.00 ms.
Mono: successfully reloaded assembly
- Completed reload, in  1.506 seconds
Platform modules already initialized, skipping
Registering precompiled user dll's ...
Registered in 0.000682 seconds.
Begin MonoManager ReloadAssembly
Native extension for LinuxStandalone target not found
Native extension for WindowsStandalone target not found
Native extension for OSXStandalone target not found
Native extension for WebGL target not found
Refreshing native plugins compatible for Editor in 28.80 ms, found 1 plugins.
Preloading 0 native plugins for Editor in 0.00 ms.
Mono: successfully reloaded assembly
- Completed reload, in  0.741 seconds
Platform modules already initialized, skipping
========================================================================
Worker process is ready to serve import requests
Launched and connected shader compiler UnityShaderCompiler.exe after 0.03 seconds
Refreshing native plugins compatible for Editor in 0.35 ms, found 1 plugins.
Preloading 0 native plugins for Editor in 0.00 ms.
Unloading 1836 Unused Serialized files (Serialized files now loaded: 0)
System memory in use before: 87.5 MB.
System memory in use after: 87.5 MB.

Unloading 24 unused Assets to reduce memory usage. Loaded Objects now: 2280.
Total: 1.834100 ms (FindLiveObjects: 0.155600 ms CreateObjectMapping: 0.054300 ms MarkObjects: 1.523100 ms  DeleteObjects: 0.100000 ms)

========================================================================
Received Import Request.
  path: Assets/Scenes/Level 2.unity
  artifactKey: Guid(bd9c501cc7af03043ab215170acf2df8) Importer(815301076,1909f56bfc062723c751e8b465ee728b)
Start importing Assets/Scenes/Level 2.unity using Guid(bd9c501cc7af03043ab215170acf2df8) Importer(815301076,1909f56bfc062723c751e8b465ee728b)  -> (artifact id: '270094b3e394a9b1a168305b063bff3a') in 0.013692 seconds
  Import took 0.016131 seconds .

========================================================================
Received Import Request.
  Time since last request: 249.922940 seconds.
  path: Assets/Scripts/GameStatus.cs
  artifactKey: Guid(ed4dca523bbfca74f909faab1aef2327) Importer(815301076,1909f56bfc062723c751e8b465ee728b)
Start importing Assets/Scripts/GameStatus.cs using Guid(ed4dca523bbfca74f909faab1aef2327) Importer(815301076,1909f56bfc062723c751e8b465ee728b)  -> (artifact id: '8c9bf32c0d582bb7f8c22c9835eed864') in 0.022071 seconds
  Import took 0.024398 seconds .

========================================================================
Received Import Request.
  Time since last request: 301.518524 seconds.
  path: Assets/Scripts/GameStatus.cs
  artifactKey: Guid(ed4dca523bbfca74f909faab1aef2327) Importer(815301076,1909f56bfc062723c751e8b465ee728b)
Start importing Assets/Scripts/GameStatus.cs using Guid(ed4dca523bbfca74f909faab1aef2327) Importer(815301076,1909f56bfc062723c751e8b465ee728b)  -> (artifact id: '412e7f785f26973de9d0410aa4f330d0') in 0.001576 seconds
  Import took 0.004070 seconds .

========================================================================
Received Import Request.
  Time since last request: 0.000455 seconds.
  path: Assets/Scripts/GameStatus.cs
  artifactKey: Guid(ed4dca523bbfca74f909faab1aef2327) Importer(815301076,1909f56bfc062723c751e8b465ee728b)
Start importing Assets/Scripts/GameStatus.cs using Guid(ed4dca523bbfca74f909faab1aef2327) Importer(815301076,1909f56bfc062723c751e8b465ee728b)  -> (artifact id: '412e7f785f26973de9d0410aa4f330d0') in 0.001560 seconds
  Import took 0.003818 seconds .

========================================================================
Received Prepare
Registering precompiled user dll's ...
Registered in 0.000667 seconds.
Begin MonoManager ReloadAssembly
Native extension for LinuxStandalone target not found
Native extension for WindowsStandalone target not found
Native extension for OSXStandalone target not found
Native extension for WebGL target not found
Refreshing native plugins compatible for Editor in 0.31 ms, found 1 plugins.
Preloading 0 native plugins for Editor in 0.00 ms.
Mono: successfully reloaded assembly
- Completed reload, in  0.667 seconds
Platform modules already initialized, skipping
Refreshing native plugins compatible for Editor in 0.35 ms, found 1 plugins.
Preloading 0 native plugins for Editor in 0.00 ms.
Unloading 1818 Unused Serialized files (Serialized files now loaded: 0)
System memory in use before: 86.2 MB.
System memory in use after: 86.2 MB.

Unloading 12 unused Assets to reduce memory usage. Loaded Objects now: 2284.
Total: 1.897300 ms (FindLiveObjects: 0.137300 ms CreateObjectMapping: 0.046300 ms MarkObjects: 1.627300 ms  DeleteObjects: 0.085600 ms)

========================================================================
Received Import Request.
  Time since last request: 175.918904 seconds.
  path: Assets/Prefabs/Game Status.prefab
  artifactKey: Guid(eef3abeeee1f33b40afa7525b40be687) Importer(815301076,1909f56bfc062723c751e8b465ee728b)
Start importing Assets/Prefabs/Game Status.prefab using Guid(eef3abeeee1f33b40afa7525b40be687) Importer(815301076,1909f56bfc062723c751e8b465ee728b)  -> (artifact id: 'be94dc1d851e4c7c9264a095e4c5e070') in 0.043466 seconds
  Import took 0.046203 seconds .

========================================================================
Received Import Request.
  Time since last request: 0.002416 seconds.
  path: Assets/Prefabs/Game Status.prefab
  artifactKey: Guid(eef3abeeee1f33b40afa7525b40be687) Importer(815301076,1909f56bfc062723c751e8b465ee728b)
Start importing Assets/Prefabs/Game Status.prefab using Guid(eef3abeeee1f33b40afa7525b40be687) Importer(815301076,1909f56bfc062723c751e8b465ee728b)  -> (artifact id: 'be94dc1d851e4c7c9264a095e4c5e070') in 0.002449 seconds
  Import took 0.004697 seconds .

========================================================================
Received Import Request.
  Time since last request: 15.044617 seconds.
  path: Assets/Prefabs/Game Status.prefab
  artifactKey: Guid(eef3abeeee1f33b40afa7525b40be687) Importer(815301076,1909f56bfc062723c751e8b465ee728b)
Start importing Assets/Prefabs/Game Status.prefab using Guid(eef3abeeee1f33b40afa7525b40be687) Importer(815301076,1909f56bfc062723c751e8b465ee728b)  -> (artifact id: '2641d2f9e4cc43bf2baf94a724a72456') in 0.043726 seconds
  Import took 0.046147 seconds .

========================================================================
Received Import Request.
  Time since last request: 12.476146 seconds.
  path: Assets/Scenes/Level 1.unity
  artifactKey: Guid(8fe8e858a4e3e2441aa2e192a835e8a9) Importer(815301076,1909f56bfc062723c751e8b465ee728b)
Start importing Assets/Scenes/Level 1.unity using Guid(8fe8e858a4e3e2441aa2e192a835e8a9) Importer(815301076,1909f56bfc062723c751e8b465ee728b)  -> (artifact id: 'bf803db20b0ff829d2fe00af4633d96a') in 0.005083 seconds
  Import took 0.007385 seconds .

========================================================================
Received Import Request.
  Time since last request: 72.987110 seconds.
  path: Assets/Scenes/Level 2.unity
  artifactKey: Guid(bd9c501cc7af03043ab215170acf2df8) Importer(815301076,1909f56bfc062723c751e8b465ee728b)
Start importing Assets/Scenes/Level 2.unity using Guid(bd9c501cc7af03043ab215170acf2df8) Importer(815301076,1909f56bfc062723c751e8b465ee728b)  -> (artifact id: 'f028ce072da813066cc17855bbeec200') in 0.005217 seconds
  Import took 0.007513 seconds .

========================================================================
Received Import Request.
  Time since last request: 40.100652 seconds.
  path: Assets/Scenes/Level 1.unity
  artifactKey: Guid(8fe8e858a4e3e2441aa2e192a835e8a9) Importer(815301076,1909f56bfc062723c751e8b465ee728b)
Start importing Assets/Scenes/Level 1.unity using Guid(8fe8e858a4e3e2441aa2e192a835e8a9) Importer(815301076,1909f56bfc062723c751e8b465ee728b)  -> (artifact id: '6cf2d39bfaa67eb5907330a56d5a78ab') in 0.002165 seconds
  Import took 0.005027 seconds .

========================================================================
Received Prepare
Registering precompiled user dll's ...
Registered in 0.000816 seconds.
Begin MonoManager ReloadAssembly
Native extension for LinuxStandalone target not found
Native extension for WindowsStandalone target not found
Native extension for OSXStandalone target not found
Native extension for WebGL target not found
Refreshing native plugins compatible for Editor in 0.31 ms, found 1 plugins.
Preloading 0 native plugins for Editor in 0.00 ms.
Mono: successfully reloaded assembly
- Completed reload, in  0.675 seconds
Platform modules already initialized, skipping
Refreshing native plugins compatible for Editor in 0.34 ms, found 1 plugins.
Preloading 0 native plugins for Editor in 0.00 ms.
Unloading 1818 Unused Serialized files (Serialized files now loaded: 0)
System memory in use before: 86.3 MB.
System memory in use after: 86.3 MB.

Unloading 12 unused Assets to reduce memory usage. Loaded Objects now: 2288.
Total: 1.544400 ms (FindLiveObjects: 0.131000 ms CreateObjectMapping: 0.044700 ms MarkObjects: 1.290100 ms  DeleteObjects: 0.077700 ms)

========================================================================
Received Import Request.
  Time since last request: 32.322269 seconds.
  path: Assets/Prefabs/Game Status.prefab
  artifactKey: Guid(eef3abeeee1f33b40afa7525b40be687) Importer(815301076,1909f56bfc062723c751e8b465ee728b)
Start importing Assets/Prefabs/Game Status.prefab using Guid(eef3abeeee1f33b40afa7525b40be687) Importer(815301076,1909f56bfc062723c751e8b465ee728b)  -> (artifact id: '2bd4d176eec87668a28886df9f6b2853') in 0.052377 seconds
  Import took 0.054885 seconds .

========================================================================
Received Prepare
Registering precompiled user dll's ...
Registered in 0.000652 seconds.
Begin MonoManager ReloadAssembly
Native extension for LinuxStandalone target not found
Native extension for WindowsStandalone target not found
Native extension for OSXStandalone target not found
Native extension for WebGL target not found
Refreshing native plugins compatible for Editor in 0.30 ms, found 1 plugins.
Preloading 0 native plugins for Editor in 0.00 ms.
Mono: successfully reloaded assembly
- Completed reload, in  0.645 seconds
Platform modules already initialized, skipping
Refreshing native plugins compatible for Editor in 0.30 ms, found 1 plugins.
Preloading 0 native plugins for Editor in 0.00 ms.
Unloading 1818 Unused Serialized files (Serialized files now loaded: 0)
System memory in use before: 86.3 MB.
System memory in use after: 86.3 MB.

Unloading 12 unused Assets to reduce memory usage. Loaded Objects now: 2292.
Total: 1.679600 ms (FindLiveObjects: 0.152400 ms CreateObjectMapping: 0.053200 ms MarkObjects: 1.390000 ms  DeleteObjects: 0.083300 ms)

========================================================================
Received Import Request.
  Time since last request: 79.990906 seconds.
  path: Assets/Scenes/Level 2.unity
  artifactKey: Guid(bd9c501cc7af03043ab215170acf2df8) Importer(815301076,1909f56bfc062723c751e8b465ee728b)
Start importing Assets/Scenes/Level 2.unity using Guid(bd9c501cc7af03043ab215170acf2df8) Importer(815301076,1909f56bfc062723c751e8b465ee728b)  -> (artifact id: '8a2941d1d3e592f794ff47333ff0c400') in 0.008583 seconds
  Import took 0.011017 seconds .

========================================================================
Received Prepare
Registering precompiled user dll's ...
Registered in 0.000718 seconds.
Begin MonoManager ReloadAssembly
Native extension for LinuxStandalone target not found
Native extension for WindowsStandalone target not found
Native extension for OSXStandalone target not found
Native extension for WebGL target not found
Refreshing native plugins compatible for Editor in 0.31 ms, found 1 plugins.
Preloading 0 native plugins for Editor in 0.00 ms.
Mono: successfully reloaded assembly
- Completed reload, in  0.682 seconds
Platform modules already initialized, skipping
Refreshing native plugins compatible for Editor in 0.31 ms, found 1 plugins.
Preloading 0 native plugins for Editor in 0.00 ms.
Unloading 1818 Unused Serialized files (Serialized files now loaded: 0)
System memory in use before: 86.4 MB.
System memory in use after: 86.3 MB.

Unloading 12 unused Assets to reduce memory usage. Loaded Objects now: 2296.
Total: 1.592600 ms (FindLiveObjects: 0.144200 ms CreateObjectMapping: 0.051000 ms MarkObjects: 1.317700 ms  DeleteObjects: 0.079100 ms)

========================================================================
Received Prepare
Registering precompiled user dll's ...
Registered in 0.000705 seconds.
Begin MonoManager ReloadAssembly
Native extension for LinuxStandalone target not found
Native extension for WindowsStandalone target not found
Native extension for OSXStandalone target not found
Native extension for WebGL target not found
Refreshing native plugins compatible for Editor in 0.31 ms, found 1 plugins.
Preloading 0 native plugins for Editor in 0.00 ms.
Mono: successfully reloaded assembly
- Completed reload, in  0.664 seconds
Platform modules already initialized, skipping
Refreshing native plugins compatible for Editor in 0.30 ms, found 1 plugins.
Preloading 0 native plugins for Editor in 0.00 ms.
Unloading 1818 Unused Serialized files (Serialized files now loaded: 0)
System memory in use before: 86.4 MB.
System memory in use after: 86.3 MB.

Unloading 12 unused Assets to reduce memory usage. Loaded Objects now: 2300.
Total: 1.800300 ms (FindLiveObjects: 0.175500 ms CreateObjectMapping: 0.050000 ms MarkObjects: 1.484100 ms  DeleteObjects: 0.089600 ms)

========================================================================
Received Import Request.
  Time since last request: 101.053376 seconds.
  path: Assets/Scenes/Level 2.unity
  artifactKey: Guid(bd9c501cc7af03043ab215170acf2df8) Importer(815301076,1909f56bfc062723c751e8b465ee728b)
Start importing Assets/Scenes/Level 2.unity using Guid(bd9c501cc7af03043ab215170acf2df8) Importer(815301076,1909f56bfc062723c751e8b465ee728b)  -> (artifact id: 'c66ae054908ce067de27c4b03165b4a3') in 0.007505 seconds
  Import took 0.009849 seconds .

========================================================================
Received Prepare
Registering precompiled user dll's ...
Registered in 0.000633 seconds.
Begin MonoManager ReloadAssembly
Native extension for LinuxStandalone target not found
Native extension for WindowsStandalone target not found
Native extension for OSXStandalone target not found
Native extension for WebGL target not found
Refreshing native plugins compatible for Editor in 0.49 ms, found 1 plugins.
Preloading 0 native plugins for Editor in 0.00 ms.
Mono: successfully reloaded assembly
- Completed reload, in  0.672 seconds
Platform modules already initialized, skipping
Refreshing native plugins compatible for Editor in 0.32 ms, found 1 plugins.
Preloading 0 native plugins for Editor in 0.00 ms.
Unloading 1818 Unused Serialized files (Serialized files now loaded: 0)
System memory in use before: 86.4 MB.
System memory in use after: 86.4 MB.

Unloading 12 unused Assets to reduce memory usage. Loaded Objects now: 2304.
Total: 1.824600 ms (FindLiveObjects: 0.147500 ms CreateObjectMapping: 0.048200 ms MarkObjects: 1.536800 ms  DeleteObjects: 0.091000 ms)

========================================================================
Received Prepare
Registering precompiled user dll's ...
Registered in 0.000796 seconds.
Begin MonoManager ReloadAssembly
Native extension for LinuxStandalone target not found
Native extension for WindowsStandalone target not found
Native extension for OSXStandalone target not found
Native extension for WebGL target not found
Refreshing native plugins compatible for Editor in 0.32 ms, found 1 plugins.
Preloading 0 native plugins for Editor in 0.00 ms.
Mono: successfully reloaded assembly
- Completed reload, in  0.667 seconds
Platform modules already initialized, skipping
Refreshing native plugins compatible for Editor in 0.40 ms, found 1 plugins.
Preloading 0 native plugins for Editor in 0.00 ms.
Unloading 1818 Unused Serialized files (Serialized files now loaded: 0)
System memory in use before: 86.4 MB.
System memory in use after: 86.4 MB.

Unloading 12 unused Assets to reduce memory usage. Loaded Objects now: 2308.
Total: 1.698900 ms (FindLiveObjects: 0.212500 ms CreateObjectMapping: 0.078700 ms MarkObjects: 1.323200 ms  DeleteObjects: 0.083500 ms)

========================================================================
Received Import Request.
  Time since last request: 104.843879 seconds.
  path: Assets/Scripts/GameStatus.cs
  artifactKey: Guid(ed4dca523bbfca74f909faab1aef2327) Importer(815301076,1909f56bfc062723c751e8b465ee728b)
Start importing Assets/Scripts/GameStatus.cs using Guid(ed4dca523bbfca74f909faab1aef2327) Importer(815301076,1909f56bfc062723c751e8b465ee728b)  -> (artifact id: '7326a9829e8dd807705f7197fb89c097') in 0.005475 seconds
  Import took 0.045963 seconds .

========================================================================
Received Prepare
Registering precompiled user dll's ...
Registered in 0.000697 seconds.
Begin MonoManager ReloadAssembly
Native extension for LinuxStandalone target not found
Native extension for WindowsStandalone target not found
Native extension for OSXStandalone target not found
Native extension for WebGL target not found
Refreshing native plugins compatible for Editor in 0.32 ms, found 1 plugins.
Preloading 0 native plugins for Editor in 0.00 ms.
Mono: successfully reloaded assembly
- Completed reload, in  0.649 seconds
Platform modules already initialized, skipping
Refreshing native plugins compatible for Editor in 0.36 ms, found 1 plugins.
Preloading 0 native plugins for Editor in 0.00 ms.
Unloading 1818 Unused Serialized files (Serialized files now loaded: 0)
System memory in use before: 86.4 MB.
System memory in use after: 86.4 MB.

Unloading 12 unused Assets to reduce memory usage. Loaded Objects now: 2312.
Total: 4.268900 ms (FindLiveObjects: 0.411900 ms CreateObjectMapping: 0.202600 ms MarkObjects: 3.470000 ms  DeleteObjects: 0.181600 ms)

========================================================================
Received Prepare
Registering precompiled user dll's ...
Registered in 0.000714 seconds.
Begin MonoManager ReloadAssembly
Native extension for LinuxStandalone target not found
Native extension for WindowsStandalone target not found
Native extension for OSXStandalone target not found
Native extension for WebGL target not found
Refreshing native plugins compatible for Editor in 0.31 ms, found 1 plugins.
Preloading 0 native plugins for Editor in 0.00 ms.
Mono: successfully reloaded assembly
- Completed reload, in  0.663 seconds
Platform modules already initialized, skipping
Refreshing native plugins compatible for Editor in 0.31 ms, found 1 plugins.
Preloading 0 native plugins for Editor in 0.00 ms.
Unloading 1818 Unused Serialized files (Serialized files now loaded: 0)
System memory in use before: 86.4 MB.
System memory in use after: 86.4 MB.

Unloading 12 unused Assets to reduce memory usage. Loaded Objects now: 2316.
Total: 1.976100 ms (FindLiveObjects: 0.282800 ms CreateObjectMapping: 0.094800 ms MarkObjects: 1.480200 ms  DeleteObjects: 0.117400 ms)

========================================================================
Received Prepare
Registering precompiled user dll's ...
Registered in 0.000625 seconds.
Begin MonoManager ReloadAssembly
Native extension for LinuxStandalone target not found
Native extension for WindowsStandalone target not found
Native extension for OSXStandalone target not found
Native extension for WebGL target not found
Refreshing native plugins compatible for Editor in 0.30 ms, found 1 plugins.
Preloading 0 native plugins for Editor in 0.00 ms.
Mono: successfully reloaded assembly
- Completed reload, in  0.651 seconds
Platform modules already initialized, skipping
Refreshing native plugins compatible for Editor in 0.31 ms, found 1 plugins.
Preloading 0 native plugins for Editor in 0.00 ms.
Unloading 1818 Unused Serialized files (Serialized files now loaded: 0)
System memory in use before: 86.4 MB.
System memory in use after: 86.4 MB.

Unloading 12 unused Assets to reduce memory usage. Loaded Objects now: 2320.
Total: 1.842800 ms (FindLiveObjects: 0.262900 ms CreateObjectMapping: 0.088500 ms MarkObjects: 1.403500 ms  DeleteObjects: 0.086900 ms)

========================================================================
Received Import Request.
  Time since last request: 324.471133 seconds.
  path: Assets/Scenes/Level 2.unity
  artifactKey: Guid(0b43d45b02c9709468ede40ea361953a) Importer(815301076,1909f56bfc062723c751e8b465ee728b)
Start importing Assets/Scenes/Level 2.unity using Guid(0b43d45b02c9709468ede40ea361953a) Importer(815301076,1909f56bfc062723c751e8b465ee728b)  -> (artifact id: '0eb623e894bc71b951a2d3c840d903ef') in 0.008811 seconds
  Import took 0.011439 seconds .

========================================================================
Received Import Request.
  Time since last request: 28.630304 seconds.
  path: Assets/Scenes/Level 2.unity
  artifactKey: Guid(0b43d45b02c9709468ede40ea361953a) Importer(815301076,1909f56bfc062723c751e8b465ee728b)
Start importing Assets/Scenes/Level 2.unity using Guid(0b43d45b02c9709468ede40ea361953a) Importer(815301076,1909f56bfc062723c751e8b465ee728b)  -> (artifact id: 'e40886e8c790054224dbc2a2f141bb9a') in 0.001702 seconds
  Import took 0.004051 seconds .

========================================================================
Received Import Request.
  Time since last request: 0.001955 seconds.
  path: Assets/Scenes/Level 2.unity
  artifactKey: Guid(0b43d45b02c9709468ede40ea361953a) Importer(815301076,1909f56bfc062723c751e8b465ee728b)
Start importing Assets/Scenes/Level 2.unity using Guid(0b43d45b02c9709468ede40ea361953a) Importer(815301076,1909f56bfc062723c751e8b465ee728b)  -> (artifact id: 'e40886e8c790054224dbc2a2f141bb9a') in 0.001475 seconds
  Import took 0.003628 seconds .

========================================================================
Received Import Request.
  Time since last request: 8.152213 seconds.
  path: Assets/Scenes/Scene 1.unity
  artifactKey: Guid(0b43d45b02c9709468ede40ea361953a) Importer(815301076,1909f56bfc062723c751e8b465ee728b)
Start importing Assets/Scenes/Scene 1.unity using Guid(0b43d45b02c9709468ede40ea361953a) Importer(815301076,1909f56bfc062723c751e8b465ee728b)  -> (artifact id: '10611a4f14dec564b285c03cb45d712f') in 0.006012 seconds
  Import took 0.008413 seconds .

========================================================================
Received Import Request.
  Time since last request: 8.936949 seconds.
  path: Assets/Scenes/Level 2.unity
  artifactKey: Guid(8fe8e858a4e3e2441aa2e192a835e8a9) Importer(815301076,1909f56bfc062723c751e8b465ee728b)
Start importing Assets/Scenes/Level 2.unity using Guid(8fe8e858a4e3e2441aa2e192a835e8a9) Importer(815301076,1909f56bfc062723c751e8b465ee728b)  -> (artifact id: '9f4c0833f62fdce08bad3f9b030dc8f2') in 0.001680 seconds
  Import took 0.003981 seconds .

========================================================================
Received Import Request.
  Time since last request: 8.431898 seconds.
  path: Assets/Scenes/Level 1.unity
  artifactKey: Guid(0b43d45b02c9709468ede40ea361953a) Importer(815301076,1909f56bfc062723c751e8b465ee728b)
Start importing Assets/Scenes/Level 1.unity using Guid(0b43d45b02c9709468ede40ea361953a) Importer(815301076,1909f56bfc062723c751e8b465ee728b)  -> (artifact id: '226861afccceb8a22c7f42a97386f9dd') in 0.001712 seconds
  Import took 0.004000 seconds .

========================================================================
Received Import Request.
  Time since last request: 154.982022 seconds.
  path: Assets/Scenes/Start Menu.unity
  artifactKey: Guid(334fe9b7d8ce323478db0a689556c988) Importer(815301076,1909f56bfc062723c751e8b465ee728b)
Start importing Assets/Scenes/Start Menu.unity using Guid(334fe9b7d8ce323478db0a689556c988) Importer(815301076,1909f56bfc062723c751e8b465ee728b)  -> (artifact id: 'f1bf8bd34655aeb7fb472b7a9ae266fd') in 0.005285 seconds
  Import took 0.007578 seconds .

========================================================================
Received Import Request.
  Time since last request: 10.720301 seconds.
  path: Assets/Scenes/Level 1.unity
  artifactKey: Guid(0b43d45b02c9709468ede40ea361953a) Importer(815301076,1909f56bfc062723c751e8b465ee728b)
Start importing Assets/Scenes/Level 1.unity using Guid(0b43d45b02c9709468ede40ea361953a) Importer(815301076,1909f56bfc062723c751e8b465ee728b)  -> (artifact id: '350ae58f73f6207aab22b7328cd0e27e') in 0.001573 seconds
  Import took 0.003818 seconds .

========================================================================
Received Prepare
Registering precompiled user dll's ...
Registered in 0.000654 seconds.
Begin MonoManager ReloadAssembly
Native extension for LinuxStandalone target not found
Native extension for WindowsStandalone target not found
Native extension for OSXStandalone target not found
Native extension for WebGL target not found
Refreshing native plugins compatible for Editor in 0.31 ms, found 1 plugins.
Preloading 0 native plugins for Editor in 0.00 ms.
Mono: successfully reloaded assembly
- Completed reload, in  0.637 seconds
Platform modules already initialized, skipping
Refreshing native plugins compatible for Editor in 0.30 ms, found 1 plugins.
Preloading 0 native plugins for Editor in 0.00 ms.
Unloading 1818 Unused Serialized files (Serialized files now loaded: 0)
System memory in use before: 86.5 MB.
System memory in use after: 86.4 MB.

Unloading 12 unused Assets to reduce memory usage. Loaded Objects now: 2324.
Total: 1.784700 ms (FindLiveObjects: 0.212300 ms CreateObjectMapping: 0.059200 ms MarkObjects: 1.426300 ms  DeleteObjects: 0.086100 ms)

========================================================================
Received Prepare
Registering precompiled user dll's ...
Registered in 0.000653 seconds.
Begin MonoManager ReloadAssembly
Native extension for LinuxStandalone target not found
Native extension for WindowsStandalone target not found
Native extension for OSXStandalone target not found
Native extension for WebGL target not found
Refreshing native plugins compatible for Editor in 0.31 ms, found 1 plugins.
Preloading 0 native plugins for Editor in 0.00 ms.
Mono: successfully reloaded assembly
- Completed reload, in  0.667 seconds
Platform modules already initialized, skipping
Refreshing native plugins compatible for Editor in 0.31 ms, found 1 plugins.
Preloading 0 native plugins for Editor in 0.00 ms.
Unloading 1818 Unused Serialized files (Serialized files now loaded: 0)
System memory in use before: 86.5 MB.
System memory in use after: 86.5 MB.

Unloading 12 unused Assets to reduce memory usage. Loaded Objects now: 2328.
Total: 1.978800 ms (FindLiveObjects: 0.236600 ms CreateObjectMapping: 0.075100 ms MarkObjects: 1.578800 ms  DeleteObjects: 0.087800 ms)

========================================================================
Received Prepare
Registering precompiled user dll's ...
Registered in 0.000667 seconds.
Begin MonoManager ReloadAssembly
Native extension for LinuxStandalone target not found
Native extension for WindowsStandalone target not found
Native extension for OSXStandalone target not found
Native extension for WebGL target not found
Refreshing native plugins compatible for Editor in 0.31 ms, found 1 plugins.
Preloading 0 native plugins for Editor in 0.00 ms.
Mono: successfully reloaded assembly
- Completed reload, in  0.649 seconds
Platform modules already initialized, skipping
Refreshing native plugins compatible for Editor in 0.31 ms, found 1 plugins.
Preloading 0 native plugins for Editor in 0.00 ms.
Unloading 1818 Unused Serialized files (Serialized files now loaded: 0)
System memory in use before: 86.5 MB.
System memory in use after: 86.5 MB.

Unloading 12 unused Assets to reduce memory usage. Loaded Objects now: 2332.
Total: 2.021500 ms (FindLiveObjects: 0.264600 ms CreateObjectMapping: 0.096100 ms MarkObjects: 1.570600 ms  DeleteObjects: 0.089600 ms)

========================================================================
Received Prepare
Registering precompiled user dll's ...
Registered in 0.000723 seconds.
Begin MonoManager ReloadAssembly
Native extension for LinuxStandalone target not found
Native extension for WindowsStandalone target not found
Native extension for OSXStandalone target not found
Native extension for WebGL target not found
Refreshing native plugins compatible for Editor in 0.31 ms, found 1 plugins.
Preloading 0 native plugins for Editor in 0.00 ms.
Mono: successfully reloaded assembly
- Completed reload, in  0.689 seconds
Platform modules already initialized, skipping
Refreshing native plugins compatible for Editor in 0.30 ms, found 1 plugins.
Preloading 0 native plugins for Editor in 0.00 ms.
Unloading 1818 Unused Serialized files (Serialized files now loaded: 0)
System memory in use before: 86.5 MB.
System memory in use after: 86.5 MB.

Unloading 12 unused Assets to reduce memory usage. Loaded Objects now: 2336.
Total: 1.974400 ms (FindLiveObjects: 0.284200 ms CreateObjectMapping: 0.114800 ms MarkObjects: 1.485100 ms  DeleteObjects: 0.089400 ms)

========================================================================
Received Prepare
Registering precompiled user dll's ...
Registered in 0.000691 seconds.
Begin MonoManager ReloadAssembly
Native extension for LinuxStandalone target not found
Native extension for WindowsStandalone target not found
Native extension for OSXStandalone target not found
Native extension for WebGL target not found
Refreshing native plugins compatible for Editor in 0.32 ms, found 1 plugins.
Preloading 0 native plugins for Editor in 0.00 ms.
Mono: successfully reloaded assembly
- Completed reload, in  0.675 seconds
Platform modules already initialized, skipping
Refreshing native plugins compatible for Editor in 0.34 ms, found 1 plugins.
Preloading 0 native plugins for Editor in 0.00 ms.
Unloading 1818 Unused Serialized files (Serialized files now loaded: 0)
System memory in use before: 86.5 MB.
System memory in use after: 86.5 MB.

Unloading 12 unused Assets to reduce memory usage. Loaded Objects now: 2340.
Total: 1.653400 ms (FindLiveObjects: 0.162000 ms CreateObjectMapping: 0.056700 ms MarkObjects: 1.344600 ms  DeleteObjects: 0.089200 ms)

========================================================================
Received Prepare
Registering precompiled user dll's ...
Registered in 0.000694 seconds.
Begin MonoManager ReloadAssembly
Native extension for LinuxStandalone target not found
Native extension for WindowsStandalone target not found
Native extension for OSXStandalone target not found
Native extension for WebGL target not found
Refreshing native plugins compatible for Editor in 0.46 ms, found 1 plugins.
Preloading 0 native plugins for Editor in 0.00 ms.
Mono: successfully reloaded assembly
- Completed reload, in  0.782 seconds
Platform modules already initialized, skipping
Refreshing native plugins compatible for Editor in 0.36 ms, found 1 plugins.
Preloading 0 native plugins for Editor in 0.00 ms.
Unloading 1818 Unused Serialized files (Serialized files now loaded: 0)
System memory in use before: 86.5 MB.
System memory in use after: 86.5 MB.

Unloading 12 unused Assets to reduce memory usage. Loaded Objects now: 2344.
Total: 2.436700 ms (FindLiveObjects: 0.340100 ms CreateObjectMapping: 0.119700 ms MarkObjects: 1.878700 ms  DeleteObjects: 0.097100 ms)

========================================================================
Received Prepare
Registering precompiled user dll's ...
Registered in 0.000704 seconds.
Begin MonoManager ReloadAssembly
Native extension for LinuxStandalone target not found
Native extension for WindowsStandalone target not found
Native extension for OSXStandalone target not found
Native extension for WebGL target not found
Refreshing native plugins compatible for Editor in 0.32 ms, found 1 plugins.
Preloading 0 native plugins for Editor in 0.00 ms.
Mono: successfully reloaded assembly
- Completed reload, in  0.681 seconds
Platform modules already initialized, skipping
Refreshing native plugins compatible for Editor in 0.31 ms, found 1 plugins.
Preloading 0 native plugins for Editor in 0.00 ms.
Unloading 1818 Unused Serialized files (Serialized files now loaded: 0)
System memory in use before: 86.5 MB.
System memory in use after: 86.5 MB.

Unloading 12 unused Assets to reduce memory usage. Loaded Objects now: 2348.
Total: 1.688700 ms (FindLiveObjects: 0.206400 ms CreateObjectMapping: 0.054700 ms MarkObjects: 1.341000 ms  DeleteObjects: 0.085400 ms)

========================================================================
Received Import Request.
  Time since last request: 1254.230498 seconds.
  path: Assets/Prefabs/Impact VFX.prefab
  artifactKey: Guid(7d846c02296ef4dc4abff04ce3e5262c) Importer(815301076,1909f56bfc062723c751e8b465ee728b)
Start importing Assets/Prefabs/Impact VFX.prefab using Guid(7d846c02296ef4dc4abff04ce3e5262c) Importer(815301076,1909f56bfc062723c751e8b465ee728b)  -> (artifact id: 'fea76eba35fcae14c30a33269b5c4cf1') in 0.023256 seconds
  Import took 0.025779 seconds .

========================================================================
Received Import Request.
  Time since last request: 3.729439 seconds.
  path: Assets/Materials/Impact Particle.mat
  artifactKey: Guid(b0db6c56344188f478174c2723e5fcd8) Importer(815301076,1909f56bfc062723c751e8b465ee728b)
Start importing Assets/Materials/Impact Particle.mat using Guid(b0db6c56344188f478174c2723e5fcd8) Importer(815301076,1909f56bfc062723c751e8b465ee728b)  -> (artifact id: 'c7fcd9d5c25d0961d0b4efc15215a496') in 0.115904 seconds
  Import took 0.118800 seconds .

========================================================================
Received Import Request.
  Time since last request: 0.000231 seconds.
  path: Assets/Materials/Particle Star.png
  artifactKey: Guid(76dd80b79db8dac44a7c977b8a56cfd6) Importer(815301076,1909f56bfc062723c751e8b465ee728b)
Start importing Assets/Materials/Particle Star.png using Guid(76dd80b79db8dac44a7c977b8a56cfd6) Importer(815301076,1909f56bfc062723c751e8b465ee728b)  -> (artifact id: '6dd43e27f991c2f05ea4f7a3fa8592a9') in 0.039801 seconds
  Import took 0.042016 seconds .

========================================================================
Received Prepare
Registering precompiled user dll's ...
Registered in 0.000661 seconds.
Begin MonoManager ReloadAssembly
Native extension for LinuxStandalone target not found
Native extension for WindowsStandalone target not found
Native extension for OSXStandalone target not found
Native extension for WebGL target not found
Refreshing native plugins compatible for Editor in 0.31 ms, found 1 plugins.
Preloading 0 native plugins for Editor in 0.00 ms.
Mono: successfully reloaded assembly
- Completed reload, in  0.658 seconds
Platform modules already initialized, skipping
Refreshing native plugins compatible for Editor in 0.31 ms, found 1 plugins.
Preloading 0 native plugins for Editor in 0.00 ms.
Unloading 1818 Unused Serialized files (Serialized files now loaded: 0)
System memory in use before: 89.9 MB.
System memory in use after: 89.8 MB.

Unloading 12 unused Assets to reduce memory usage. Loaded Objects now: 2395.
Total: 1.771300 ms (FindLiveObjects: 0.168900 ms CreateObjectMapping: 0.053900 ms MarkObjects: 1.465700 ms  DeleteObjects: 0.082100 ms)

========================================================================
Received Import Request.
  Time since last request: 350.716321 seconds.
  path: Assets/Prefabs/Block.prefab
  artifactKey: Guid(8abe373e63714b44da45f065bb514aa9) Importer(815301076,1909f56bfc062723c751e8b465ee728b)
Start importing Assets/Prefabs/Block.prefab using Guid(8abe373e63714b44da45f065bb514aa9) Importer(815301076,1909f56bfc062723c751e8b465ee728b)  -> (artifact id: 'bbd5bc898ba4534274d185824b827d01') in 0.083396 seconds
  Import took 0.085954 seconds .

========================================================================
Received Import Request.
  Time since last request: 10.518911 seconds.
  path: Assets/Prefabs/Block.prefab
  artifactKey: Guid(8abe373e63714b44da45f065bb514aa9) Importer(815301076,1909f56bfc062723c751e8b465ee728b)
Start importing Assets/Prefabs/Block.prefab using Guid(8abe373e63714b44da45f065bb514aa9) Importer(815301076,1909f56bfc062723c751e8b465ee728b)  -> (artifact id: '775a289f66a6815c784e3dc16c1fd24e') in 0.008738 seconds
  Import took 0.011377 seconds .

========================================================================
Received Prepare
Registering precompiled user dll's ...
Registered in 0.000741 seconds.
Begin MonoManager ReloadAssembly
Native extension for LinuxStandalone target not found
Native extension for WindowsStandalone target not found
Native extension for OSXStandalone target not found
Native extension for WebGL target not found
Refreshing native plugins compatible for Editor in 0.32 ms, found 1 plugins.
Preloading 0 native plugins for Editor in 0.00 ms.
Mono: successfully reloaded assembly
- Completed reload, in  0.661 seconds
Platform modules already initialized, skipping
Refreshing native plugins compatible for Editor in 0.31 ms, found 1 plugins.
Preloading 0 native plugins for Editor in 0.00 ms.
Unloading 1818 Unused Serialized files (Serialized files now loaded: 0)
System memory in use before: 89.9 MB.
System memory in use after: 89.9 MB.

Unloading 12 unused Assets to reduce memory usage. Loaded Objects now: 2400.
Total: 2.010200 ms (FindLiveObjects: 0.161500 ms CreateObjectMapping: 0.054400 ms MarkObjects: 1.701300 ms  DeleteObjects: 0.092400 ms)

========================================================================
Received Prepare
Registering precompiled user dll's ...
Registered in 0.000612 seconds.
Begin MonoManager ReloadAssembly
Native extension for LinuxStandalone target not found
Native extension for WindowsStandalone target not found
Native extension for OSXStandalone target not found
Native extension for WebGL target not found
Refreshing native plugins compatible for Editor in 0.35 ms, found 1 plugins.
Preloading 0 native plugins for Editor in 0.00 ms.
Mono: successfully reloaded assembly
- Completed reload, in  0.676 seconds
Platform modules already initialized, skipping
Refreshing native plugins compatible for Editor in 0.31 ms, found 1 plugins.
Preloading 0 native plugins for Editor in 0.00 ms.
Unloading 1818 Unused Serialized files (Serialized files now loaded: 0)
System memory in use before: 89.9 MB.
System memory in use after: 89.9 MB.

Unloading 12 unused Assets to reduce memory usage. Loaded Objects now: 2404.
Total: 2.010400 ms (FindLiveObjects: 0.312800 ms CreateObjectMapping: 0.100000 ms MarkObjects: 1.508600 ms  DeleteObjects: 0.088000 ms)

========================================================================
Received Prepare
Registering precompiled user dll's ...
Registered in 0.000679 seconds.
Begin MonoManager ReloadAssembly
Native extension for LinuxStandalone target not found
Native extension for WindowsStandalone target not found
Native extension for OSXStandalone target not found
Native extension for WebGL target not found
Refreshing native plugins compatible for Editor in 0.31 ms, found 1 plugins.
Preloading 0 native plugins for Editor in 0.00 ms.
Mono: successfully reloaded assembly
- Completed reload, in  0.661 seconds
Platform modules already initialized, skipping
Refreshing native plugins compatible for Editor in 0.30 ms, found 1 plugins.
Preloading 0 native plugins for Editor in 0.00 ms.
Unloading 1818 Unused Serialized files (Serialized files now loaded: 0)
System memory in use before: 89.9 MB.
System memory in use after: 89.9 MB.

Unloading 12 unused Assets to reduce memory usage. Loaded Objects now: 2408.
Total: 1.833500 ms (FindLiveObjects: 0.181900 ms CreateObjectMapping: 0.051100 ms MarkObjects: 1.512200 ms  DeleteObjects: 0.087600 ms)

========================================================================
Received Import Request.
  Time since last request: 416.637973 seconds.
  path: ProjectSettings/TagManager.asset
  artifactKey: Guid(00000000000000003000000000000000) Importer(815301076,1909f56bfc062723c751e8b465ee728b)
Start importing ProjectSettings/TagManager.asset using Guid(00000000000000003000000000000000) Importer(815301076,1909f56bfc062723c751e8b465ee728b)  -> (artifact id: 'e821d9bc1886da9535ad3f167b4e2495') in 0.013956 seconds
  Import took 0.016694 seconds .

========================================================================
Received Import Request.
  Time since last request: 27.279869 seconds.
  path: Assets/Prefabs/Block.prefab
  artifactKey: Guid(8abe373e63714b44da45f065bb514aa9) Importer(815301076,1909f56bfc062723c751e8b465ee728b)
Start importing Assets/Prefabs/Block.prefab using Guid(8abe373e63714b44da45f065bb514aa9) Importer(815301076,1909f56bfc062723c751e8b465ee728b)  -> (artifact id: 'd821fed5ff2f43f866094e0a8849ef88') in 0.041020 seconds
  Import took 0.043658 seconds .

========================================================================
Received Import Request.
  Time since last request: 27.499181 seconds.
  path: Assets/Prefabs/Breakable Block.prefab
  artifactKey: Guid(8abe373e63714b44da45f065bb514aa9) Importer(815301076,1909f56bfc062723c751e8b465ee728b)
Start importing Assets/Prefabs/Breakable Block.prefab using Guid(8abe373e63714b44da45f065bb514aa9) Importer(815301076,1909f56bfc062723c751e8b465ee728b)  -> (artifact id: '225f6a8e401219732bf0ff73943389db') in 0.011381 seconds
  Import took 0.014004 seconds .

========================================================================
Received Import Request.
  Time since last request: 1.607602 seconds.
  path: Assets/Prefabs/Breakable Block 1.prefab
  artifactKey: Guid(3e319bf8df92d11449ab621e95b4590f) Importer(815301076,1909f56bfc062723c751e8b465ee728b)
Start importing Assets/Prefabs/Breakable Block 1.prefab using Guid(3e319bf8df92d11449ab621e95b4590f) Importer(815301076,1909f56bfc062723c751e8b465ee728b)  -> (artifact id: 'd88d1a07f46890b27a763287fcb0380d') in 0.012666 seconds
  Import took 0.015344 seconds .

========================================================================
Received Import Request.
  Time since last request: 11.047090 seconds.
  path: Assets/Prefabs/Unbreakable Block 1.prefab
  artifactKey: Guid(3e319bf8df92d11449ab621e95b4590f) Importer(815301076,1909f56bfc062723c751e8b465ee728b)
Start importing Assets/Prefabs/Unbreakable Block 1.prefab using Guid(3e319bf8df92d11449ab621e95b4590f) Importer(815301076,1909f56bfc062723c751e8b465ee728b)  -> (artifact id: 'cc3b1804d7cdfe8fba04a7a31db801a1') in 0.011196 seconds
  Import took 0.013859 seconds .

========================================================================
Received Import Request.
  Time since last request: 10.625538 seconds.
  path: Assets/Prefabs/Unbreakable Block 1.prefab
  artifactKey: Guid(3e319bf8df92d11449ab621e95b4590f) Importer(815301076,1909f56bfc062723c751e8b465ee728b)
Start importing Assets/Prefabs/Unbreakable Block 1.prefab using Guid(3e319bf8df92d11449ab621e95b4590f) Importer(815301076,1909f56bfc062723c751e8b465ee728b)  -> (artifact id: 'ddbc6a10f31ce516bcbadeab810e93ce') in 0.012958 seconds
  Import took 0.015768 seconds .

========================================================================
Received Import Request.
  Time since last request: 13.780483 seconds.
  path: Assets/Scenes/Level 1.unity
  artifactKey: Guid(0b43d45b02c9709468ede40ea361953a) Importer(815301076,1909f56bfc062723c751e8b465ee728b)
Start importing Assets/Scenes/Level 1.unity using Guid(0b43d45b02c9709468ede40ea361953a) Importer(815301076,1909f56bfc062723c751e8b465ee728b)  -> (artifact id: '6ae0558709e6e124570df0196c61a672') in 0.001985 seconds
  Import took 0.004485 seconds .

========================================================================
Received Import Request.
  Time since last request: 32.293479 seconds.
  path: Assets/Prefabs/Unbreakable Block 1.prefab
  artifactKey: Guid(3e319bf8df92d11449ab621e95b4590f) Importer(815301076,1909f56bfc062723c751e8b465ee728b)
Start importing Assets/Prefabs/Unbreakable Block 1.prefab using Guid(3e319bf8df92d11449ab621e95b4590f) Importer(815301076,1909f56bfc062723c751e8b465ee728b)  -> (artifact id: 'a2afb5f2d498c5d18f4e33f99bd2b4d2') in 0.007148 seconds
  Import took 0.009799 seconds .

========================================================================
Received Import Request.
  Time since last request: 17.171986 seconds.
  path: Assets/Scripts/Block.cs
  artifactKey: Guid(de64fdba043dd444dba3dab2ebf213fd) Importer(815301076,1909f56bfc062723c751e8b465ee728b)
Start importing Assets/Scripts/Block.cs using Guid(de64fdba043dd444dba3dab2ebf213fd) Importer(815301076,1909f56bfc062723c751e8b465ee728b)  -> (artifact id: 'c4960b066828073fcd1c7afc9091947c') in 0.001531 seconds
  Import took 0.003878 seconds .

========================================================================
Received Import Request.
  Time since last request: 0.002032 seconds.
  path: Assets/Scripts/Block.cs
  artifactKey: Guid(de64fdba043dd444dba3dab2ebf213fd) Importer(815301076,1909f56bfc062723c751e8b465ee728b)
Start importing Assets/Scripts/Block.cs using Guid(de64fdba043dd444dba3dab2ebf213fd) Importer(815301076,1909f56bfc062723c751e8b465ee728b)  -> (artifact id: 'c4960b066828073fcd1c7afc9091947c') in 0.001374 seconds
  Import took 0.003567 seconds .

========================================================================
Received Prepare
Registering precompiled user dll's ...
Registered in 0.000663 seconds.
Begin MonoManager ReloadAssembly
Native extension for LinuxStandalone target not found
Native extension for WindowsStandalone target not found
Native extension for OSXStandalone target not found
Native extension for WebGL target not found
Refreshing native plugins compatible for Editor in 0.31 ms, found 1 plugins.
Preloading 0 native plugins for Editor in 0.00 ms.
Mono: successfully reloaded assembly
- Completed reload, in  0.663 seconds
Platform modules already initialized, skipping
Refreshing native plugins compatible for Editor in 0.36 ms, found 1 plugins.
Preloading 0 native plugins for Editor in 0.00 ms.
Unloading 1818 Unused Serialized files (Serialized files now loaded: 0)
System memory in use before: 89.9 MB.
System memory in use after: 89.9 MB.

Unloading 13 unused Assets to reduce memory usage. Loaded Objects now: 2413.
Total: 1.833700 ms (FindLiveObjects: 0.167100 ms CreateObjectMapping: 0.054500 ms MarkObjects: 1.522700 ms  DeleteObjects: 0.088900 ms)

========================================================================
Received Import Request.
  Time since last request: 56.321885 seconds.
  path: Assets/Scripts/Block.cs
  artifactKey: Guid(de64fdba043dd444dba3dab2ebf213fd) Importer(815301076,1909f56bfc062723c751e8b465ee728b)
Start importing Assets/Scripts/Block.cs using Guid(de64fdba043dd444dba3dab2ebf213fd) Importer(815301076,1909f56bfc062723c751e8b465ee728b)  -> (artifact id: 'd0e1696f81670a0beb8bf63142082933') in 0.003474 seconds
  Import took 0.005870 seconds .

========================================================================
Received Prepare
Registering precompiled user dll's ...
Registered in 0.000664 seconds.
Begin MonoManager ReloadAssembly
Native extension for LinuxStandalone target not found
Native extension for WindowsStandalone target not found
Native extension for OSXStandalone target not found
Native extension for WebGL target not found
Refreshing native plugins compatible for Editor in 0.31 ms, found 1 plugins.
Preloading 0 native plugins for Editor in 0.00 ms.
Mono: successfully reloaded assembly
- Completed reload, in  0.653 seconds
Platform modules already initialized, skipping
Refreshing native plugins compatible for Editor in 0.32 ms, found 1 plugins.
Preloading 0 native plugins for Editor in 0.00 ms.
Unloading 1818 Unused Serialized files (Serialized files now loaded: 0)
System memory in use before: 89.9 MB.
System memory in use after: 89.9 MB.

Unloading 12 unused Assets to reduce memory usage. Loaded Objects now: 2417.
Total: 1.834000 ms (FindLiveObjects: 0.189300 ms CreateObjectMapping: 0.044800 ms MarkObjects: 1.505600 ms  DeleteObjects: 0.093600 ms)

========================================================================
Received Prepare
Registering precompiled user dll's ...
Registered in 0.000652 seconds.
Begin MonoManager ReloadAssembly
Native extension for LinuxStandalone target not found
Native extension for WindowsStandalone target not found
Native extension for OSXStandalone target not found
Native extension for WebGL target not found
Refreshing native plugins compatible for Editor in 0.31 ms, found 1 plugins.
Preloading 0 native plugins for Editor in 0.00 ms.
Mono: successfully reloaded assembly
- Completed reload, in  0.675 seconds
Platform modules already initialized, skipping
Refreshing native plugins compatible for Editor in 0.31 ms, found 1 plugins.
Preloading 0 native plugins for Editor in 0.00 ms.
Unloading 1818 Unused Serialized files (Serialized files now loaded: 0)
System memory in use before: 89.9 MB.
System memory in use after: 89.9 MB.

Unloading 12 unused Assets to reduce memory usage. Loaded Objects now: 2421.
Total: 1.810300 ms (FindLiveObjects: 0.166900 ms CreateObjectMapping: 0.054600 ms MarkObjects: 1.499300 ms  DeleteObjects: 0.088700 ms)

========================================================================
Received Prepare
Registering precompiled user dll's ...
Registered in 0.000633 seconds.
Begin MonoManager ReloadAssembly
Native extension for LinuxStandalone target not found
Native extension for WindowsStandalone target not found
Native extension for OSXStandalone target not found
Native extension for WebGL target not found
Refreshing native plugins compatible for Editor in 0.34 ms, found 1 plugins.
Preloading 0 native plugins for Editor in 0.00 ms.
Mono: successfully reloaded assembly
- Completed reload, in  0.667 seconds
Platform modules already initialized, skipping
Refreshing native plugins compatible for Editor in 0.31 ms, found 1 plugins.
Preloading 0 native plugins for Editor in 0.00 ms.
Unloading 1818 Unused Serialized files (Serialized files now loaded: 0)
System memory in use before: 90.0 MB.
System memory in use after: 89.9 MB.

Unloading 12 unused Assets to reduce memory usage. Loaded Objects now: 2425.
Total: 1.789700 ms (FindLiveObjects: 0.203900 ms CreateObjectMapping: 0.063800 ms MarkObjects: 1.436700 ms  DeleteObjects: 0.084700 ms)

========================================================================
Received Import Request.
  Time since last request: 730.752885 seconds.
  path: Assets/Prefabs/Breakable Block.prefab
  artifactKey: Guid(8abe373e63714b44da45f065bb514aa9) Importer(815301076,1909f56bfc062723c751e8b465ee728b)
Start importing Assets/Prefabs/Breakable Block.prefab using Guid(8abe373e63714b44da45f065bb514aa9) Importer(815301076,1909f56bfc062723c751e8b465ee728b)  -> (artifact id: '741878be6f1826347786e7f12d1fecaf') in 0.042183 seconds
  Import took 0.045107 seconds .

========================================================================
Received Import Request.
  Time since last request: 0.000219 seconds.
  path: Assets/Prefabs/Unbreakable Block 1.prefab
  artifactKey: Guid(3e319bf8df92d11449ab621e95b4590f) Importer(815301076,1909f56bfc062723c751e8b465ee728b)
Start importing Assets/Prefabs/Unbreakable Block 1.prefab using Guid(3e319bf8df92d11449ab621e95b4590f) Importer(815301076,1909f56bfc062723c751e8b465ee728b)  -> (artifact id: '891f987bc45760ef6779cdd8dee2b30d') in 0.011279 seconds
  Import took 0.014228 seconds .

========================================================================
Received Import Request.
  Time since last request: 12.653006 seconds.
  path: Assets/Prefabs/Breakable Block.prefab
  artifactKey: Guid(8abe373e63714b44da45f065bb514aa9) Importer(815301076,1909f56bfc062723c751e8b465ee728b)
Start importing Assets/Prefabs/Breakable Block.prefab using Guid(8abe373e63714b44da45f065bb514aa9) Importer(815301076,1909f56bfc062723c751e8b465ee728b)  -> (artifact id: 'b87f093f5d1a67cf131328baa52d0a4f') in 0.007562 seconds
  Import took 0.010255 seconds .

========================================================================
Received Prepare
Registering precompiled user dll's ...
Registered in 0.000676 seconds.
Begin MonoManager ReloadAssembly
Native extension for LinuxStandalone target not found
Native extension for WindowsStandalone target not found
Native extension for OSXStandalone target not found
Native extension for WebGL target not found
Refreshing native plugins compatible for Editor in 0.32 ms, found 1 plugins.
Preloading 0 native plugins for Editor in 0.00 ms.
Mono: successfully reloaded assembly
- Completed reload, in  0.641 seconds
Platform modules already initialized, skipping
Refreshing native plugins compatible for Editor in 0.34 ms, found 1 plugins.
Preloading 0 native plugins for Editor in 0.00 ms.
Unloading 1818 Unused Serialized files (Serialized files now loaded: 0)
System memory in use before: 90.0 MB.
System memory in use after: 89.9 MB.

Unloading 12 unused Assets to reduce memory usage. Loaded Objects now: 2430.
Total: 1.830900 ms (FindLiveObjects: 0.207500 ms CreateObjectMapping: 0.048400 ms MarkObjects: 1.492300 ms  DeleteObjects: 0.081900 ms)

========================================================================
Received Prepare
Registering precompiled user dll's ...
Registered in 0.000746 seconds.
Begin MonoManager ReloadAssembly
Native extension for LinuxStandalone target not found
Native extension for WindowsStandalone target not found
Native extension for OSXStandalone target not found
Native extension for WebGL target not found
Refreshing native plugins compatible for Editor in 0.31 ms, found 1 plugins.
Preloading 0 native plugins for Editor in 0.00 ms.
Mono: successfully reloaded assembly
- Completed reload, in  0.665 seconds
Platform modules already initialized, skipping
Refreshing native plugins compatible for Editor in 0.30 ms, found 1 plugins.
Preloading 0 native plugins for Editor in 0.00 ms.
Unloading 1818 Unused Serialized files (Serialized files now loaded: 0)
System memory in use before: 90.0 MB.
System memory in use after: 90.0 MB.

Unloading 12 unused Assets to reduce memory usage. Loaded Objects now: 2434.
Total: 1.864900 ms (FindLiveObjects: 0.237000 ms CreateObjectMapping: 0.053900 ms MarkObjects: 1.485800 ms  DeleteObjects: 0.087600 ms)

========================================================================
Received Import Request.
  Time since last request: 218.819537 seconds.
  path: Assets/Prefabs/Play Space.prefab
  artifactKey: Guid(38a3e31c54e64e248954e1b565189347) Importer(815301076,1909f56bfc062723c751e8b465ee728b)
Start importing Assets/Prefabs/Play Space.prefab using Guid(38a3e31c54e64e248954e1b565189347) Importer(815301076,1909f56bfc062723c751e8b465ee728b)  -> (artifact id: '3eac4b54a207a142fc1ccf292291a1e8') in 0.043174 seconds
  Import took 0.045632 seconds .

========================================================================
Received Prepare
Registering precompiled user dll's ...
Registered in 0.000695 seconds.
Begin MonoManager ReloadAssembly
Native extension for LinuxStandalone target not found
Native extension for WindowsStandalone target not found
Native extension for OSXStandalone target not found
Native extension for WebGL target not found
Refreshing native plugins compatible for Editor in 0.56 ms, found 1 plugins.
Preloading 0 native plugins for Editor in 0.00 ms.
Mono: successfully reloaded assembly
- Completed reload, in  0.663 seconds
Platform modules already initialized, skipping
Refreshing native plugins compatible for Editor in 0.33 ms, found 1 plugins.
Preloading 0 native plugins for Editor in 0.00 ms.
Unloading 1818 Unused Serialized files (Serialized files now loaded: 0)
System memory in use before: 90.0 MB.
System memory in use after: 90.0 MB.

Unloading 12 unused Assets to reduce memory usage. Loaded Objects now: 2439.
Total: 1.931900 ms (FindLiveObjects: 0.184700 ms CreateObjectMapping: 0.057100 ms MarkObjects: 1.601200 ms  DeleteObjects: 0.088200 ms)

========================================================================
Received Prepare
Registering precompiled user dll's ...
Registered in 0.000655 seconds.
Begin MonoManager ReloadAssembly
Native extension for LinuxStandalone target not found
Native extension for WindowsStandalone target not found
Native extension for OSXStandalone target not found
Native extension for WebGL target not found
Refreshing native plugins compatible for Editor in 0.31 ms, found 1 plugins.
Preloading 0 native plugins for Editor in 0.00 ms.
Mono: successfully reloaded assembly
- Completed reload, in  0.697 seconds
Platform modules already initialized, skipping
Refreshing native plugins compatible for Editor in 0.34 ms, found 1 plugins.
Preloading 0 native plugins for Editor in 0.00 ms.
Unloading 1818 Unused Serialized files (Serialized files now loaded: 0)
System memory in use before: 90.0 MB.
System memory in use after: 90.0 MB.

Unloading 12 unused Assets to reduce memory usage. Loaded Objects now: 2443.
Total: 2.254900 ms (FindLiveObjects: 0.304400 ms CreateObjectMapping: 0.151600 ms MarkObjects: 1.668700 ms  DeleteObjects: 0.129600 ms)

========================================================================
Received Prepare
Registering precompiled user dll's ...
Registered in 0.000694 seconds.
Begin MonoManager ReloadAssembly
Native extension for LinuxStandalone target not found
Native extension for WindowsStandalone target not found
Native extension for OSXStandalone target not found
Native extension for WebGL target not found
Refreshing native plugins compatible for Editor in 0.31 ms, found 1 plugins.
Preloading 0 native plugins for Editor in 0.00 ms.
Mono: successfully reloaded assembly
- Completed reload, in  0.679 seconds
Platform modules already initialized, skipping
Refreshing native plugins compatible for Editor in 0.35 ms, found 1 plugins.
Preloading 0 native plugins for Editor in 0.00 ms.
Unloading 1818 Unused Serialized files (Serialized files now loaded: 0)
System memory in use before: 90.0 MB.
System memory in use after: 90.0 MB.

Unloading 12 unused Assets to reduce memory usage. Loaded Objects now: 2447.
Total: 2.076400 ms (FindLiveObjects: 0.219100 ms CreateObjectMapping: 0.082300 ms MarkObjects: 1.661900 ms  DeleteObjects: 0.112300 ms)

========================================================================
Received Prepare
Registering precompiled user dll's ...
Registered in 0.000604 seconds.
Begin MonoManager ReloadAssembly
Native extension for LinuxStandalone target not found
Native extension for WindowsStandalone target not found
Native extension for OSXStandalone target not found
Native extension for WebGL target not found
Refreshing native plugins compatible for Editor in 0.31 ms, found 1 plugins.
Preloading 0 native plugins for Editor in 0.00 ms.
Mono: successfully reloaded assembly
- Completed reload, in  0.649 seconds
Platform modules already initialized, skipping
Refreshing native plugins compatible for Editor in 0.34 ms, found 1 plugins.
Preloading 0 native plugins for Editor in 0.00 ms.
Unloading 1818 Unused Serialized files (Serialized files now loaded: 0)
System memory in use before: 90.0 MB.
System memory in use after: 90.0 MB.

Unloading 12 unused Assets to reduce memory usage. Loaded Objects now: 2451.
Total: 2.260000 ms (FindLiveObjects: 0.242300 ms CreateObjectMapping: 0.098600 ms MarkObjects: 1.830200 ms  DeleteObjects: 0.088000 ms)

========================================================================
Received Import Request.
  Time since last request: 655.666223 seconds.
  path: Assets/Prefabs/Breakable Block.prefab
  artifactKey: Guid(8abe373e63714b44da45f065bb514aa9) Importer(815301076,1909f56bfc062723c751e8b465ee728b)
Start importing Assets/Prefabs/Breakable Block.prefab using Guid(8abe373e63714b44da45f065bb514aa9) Importer(815301076,1909f56bfc062723c751e8b465ee728b)  -> (artifact id: 'ac85bce388bdd9aa02c9bb8fb0e2003f') in 0.041984 seconds
  Import took 0.044507 seconds .

========================================================================
Received Import Request.
  Time since last request: 0.000235 seconds.
  path: Assets/Prefabs/Unbreakable Block 1.prefab
  artifactKey: Guid(3e319bf8df92d11449ab621e95b4590f) Importer(815301076,1909f56bfc062723c751e8b465ee728b)
Start importing Assets/Prefabs/Unbreakable Block 1.prefab using Guid(3e319bf8df92d11449ab621e95b4590f) Importer(815301076,1909f56bfc062723c751e8b465ee728b)  -> (artifact id: '598e921dee976a5af6a5868b7a5922ce') in 0.005674 seconds
  Import took 0.007990 seconds .

========================================================================
Received Import Request.
  Time since last request: 20.450456 seconds.
  path: Assets/Prefabs/Breakable Block.prefab
  artifactKey: Guid(8abe373e63714b44da45f065bb514aa9) Importer(815301076,1909f56bfc062723c751e8b465ee728b)
Start importing Assets/Prefabs/Breakable Block.prefab using Guid(8abe373e63714b44da45f065bb514aa9) Importer(815301076,1909f56bfc062723c751e8b465ee728b)  -> (artifact id: '6f58fb7df03ef45f1b2b5f43a2af12f6') in 0.006904 seconds
  Import took 0.009618 seconds .

========================================================================
Received Import Request.
  Time since last request: 21.227277 seconds.
  path: Assets/Prefabs/Breakable Block 1.prefab
  artifactKey: Guid(93f69600df57b9c4083af1f53314fab3) Importer(815301076,1909f56bfc062723c751e8b465ee728b)
Start importing Assets/Prefabs/Breakable Block 1.prefab using Guid(93f69600df57b9c4083af1f53314fab3) Importer(815301076,1909f56bfc062723c751e8b465ee728b)  -> (artifact id: '474a6d8087f51f5e2cf4d13c5132790f') in 0.007028 seconds
  Import took 0.009651 seconds .

========================================================================
Received Import Request.
  Time since last request: 0.001706 seconds.
  path: Assets/Prefabs/Breakable Block 1.prefab
  artifactKey: Guid(93f69600df57b9c4083af1f53314fab3) Importer(815301076,1909f56bfc062723c751e8b465ee728b)
Start importing Assets/Prefabs/Breakable Block 1.prefab using Guid(93f69600df57b9c4083af1f53314fab3) Importer(815301076,1909f56bfc062723c751e8b465ee728b)  -> (artifact id: '474a6d8087f51f5e2cf4d13c5132790f') in 0.005904 seconds
  Import took 0.008495 seconds .

========================================================================
Received Import Request.
  Time since last request: 21.416615 seconds.
  path: Assets/Prefabs/Breakable Block 2 hits.prefab
  artifactKey: Guid(93f69600df57b9c4083af1f53314fab3) Importer(815301076,1909f56bfc062723c751e8b465ee728b)
Start importing Assets/Prefabs/Breakable Block 2 hits.prefab using Guid(93f69600df57b9c4083af1f53314fab3) Importer(815301076,1909f56bfc062723c751e8b465ee728b)  -> (artifact id: '45ca8fda3830271dd1fb6250c6bcee4d') in 0.013286 seconds
  Import took 0.015885 seconds .

========================================================================
Received Import Request.
  Time since last request: 6.528104 seconds.
  path: Assets/Prefabs/Breakable Block 2 hits.prefab
  artifactKey: Guid(93f69600df57b9c4083af1f53314fab3) Importer(815301076,1909f56bfc062723c751e8b465ee728b)
Start importing Assets/Prefabs/Breakable Block 2 hits.prefab using Guid(93f69600df57b9c4083af1f53314fab3) Importer(815301076,1909f56bfc062723c751e8b465ee728b)  -> (artifact id: '6cdc996f23bf96f49f58f1ea97116a39') in 0.007042 seconds
  Import took 0.009709 seconds .

========================================================================
Received Import Request.
  Time since last request: 2.207336 seconds.
  path: Assets/Prefabs/Breakable Block 2 hits.prefab
  artifactKey: Guid(93f69600df57b9c4083af1f53314fab3) Importer(815301076,1909f56bfc062723c751e8b465ee728b)
Start importing Assets/Prefabs/Breakable Block 2 hits.prefab using Guid(93f69600df57b9c4083af1f53314fab3) Importer(815301076,1909f56bfc062723c751e8b465ee728b)  -> (artifact id: '2e458b8c51849efe7275f87b474f0650') in 0.010972 seconds
  Import took 0.013749 seconds .

========================================================================
Received Import Request.
  Time since last request: 11.486325 seconds.
  path: Assets/Prefabs/Breakable Block 2 hits 1.prefab
  artifactKey: Guid(2295b039dc7e1fa458242d3e16b2f44c) Importer(815301076,1909f56bfc062723c751e8b465ee728b)
Start importing Assets/Prefabs/Breakable Block 2 hits 1.prefab using Guid(2295b039dc7e1fa458242d3e16b2f44c) Importer(815301076,1909f56bfc062723c751e8b465ee728b)  -> (artifact id: '96aa2fa7a07b16fddcce6b32f7ec341a') in 0.011629 seconds
  Import took 0.014242 seconds .

========================================================================
Received Import Request.
  Time since last request: 0.000476 seconds.
  path: Assets/Prefabs/Breakable Block 2 hits 1.prefab
  artifactKey: Guid(2295b039dc7e1fa458242d3e16b2f44c) Importer(815301076,1909f56bfc062723c751e8b465ee728b)
Start importing Assets/Prefabs/Breakable Block 2 hits 1.prefab using Guid(2295b039dc7e1fa458242d3e16b2f44c) Importer(815301076,1909f56bfc062723c751e8b465ee728b)  -> (artifact id: '96aa2fa7a07b16fddcce6b32f7ec341a') in 0.005960 seconds
  Import took 0.008340 seconds .

========================================================================
Received Import Request.
  Time since last request: 10.084530 seconds.
  path: Assets/Prefabs/Breakable Block 3 Hits.prefab
  artifactKey: Guid(2295b039dc7e1fa458242d3e16b2f44c) Importer(815301076,1909f56bfc062723c751e8b465ee728b)
Start importing Assets/Prefabs/Breakable Block 3 Hits.prefab using Guid(2295b039dc7e1fa458242d3e16b2f44c) Importer(815301076,1909f56bfc062723c751e8b465ee728b)  -> (artifact id: 'c09d92a4aa604029fbcf9acaeaf2c24a') in 0.011548 seconds
  Import took 0.014254 seconds .

========================================================================
Received Import Request.
  Time since last request: 7.558535 seconds.
  path: Assets/Prefabs/Breakable Block 3 Hits.prefab
  artifactKey: Guid(2295b039dc7e1fa458242d3e16b2f44c) Importer(815301076,1909f56bfc062723c751e8b465ee728b)
Start importing Assets/Prefabs/Breakable Block 3 Hits.prefab using Guid(2295b039dc7e1fa458242d3e16b2f44c) Importer(815301076,1909f56bfc062723c751e8b465ee728b)  -> (artifact id: '9a0b42ed02f6915376cf84db8c5ea6d4') in 0.011307 seconds
  Import took 0.014060 seconds .

========================================================================
Received Import Request.
  Time since last request: 2.773567 seconds.
  path: Assets/Prefabs/Breakable Block 3 Hits.prefab
  artifactKey: Guid(2295b039dc7e1fa458242d3e16b2f44c) Importer(815301076,1909f56bfc062723c751e8b465ee728b)
Start importing Assets/Prefabs/Breakable Block 3 Hits.prefab using Guid(2295b039dc7e1fa458242d3e16b2f44c) Importer(815301076,1909f56bfc062723c751e8b465ee728b)  -> (artifact id: '2a1e05c7014990ec1bcae80dd4818f2c') in 0.011456 seconds
  Import took 0.014370 seconds .

========================================================================
Received Import Request.
  Time since last request: 0.986578 seconds.
  path: Assets/Prefabs/Breakable Block 3 Hits.prefab
  artifactKey: Guid(2295b039dc7e1fa458242d3e16b2f44c) Importer(815301076,1909f56bfc062723c751e8b465ee728b)
Start importing Assets/Prefabs/Breakable Block 3 Hits.prefab using Guid(2295b039dc7e1fa458242d3e16b2f44c) Importer(815301076,1909f56bfc062723c751e8b465ee728b)  -> (artifact id: '06365a52c6e39f33ff779efdc8ae392d') in 0.010877 seconds
  Import took 0.013637 seconds .

========================================================================
Received Import Request.
  Time since last request: 8.898152 seconds.
  path: Assets/Prefabs/Breakable Block 3 Hits.prefab
  artifactKey: Guid(2295b039dc7e1fa458242d3e16b2f44c) Importer(815301076,1909f56bfc062723c751e8b465ee728b)
Start importing Assets/Prefabs/Breakable Block 3 Hits.prefab using Guid(2295b039dc7e1fa458242d3e16b2f44c) Importer(815301076,1909f56bfc062723c751e8b465ee728b)  -> (artifact id: 'fbc44e7a395468f771aad93647958bda') in 0.006813 seconds
  Import took 0.009510 seconds .

========================================================================
Received Import Request.
  Time since last request: 12.071452 seconds.
  path: Assets/Prefabs/Breakable Block 2 Hits.prefab
  artifactKey: Guid(93f69600df57b9c4083af1f53314fab3) Importer(815301076,1909f56bfc062723c751e8b465ee728b)
Start importing Assets/Prefabs/Breakable Block 2 Hits.prefab using Guid(93f69600df57b9c4083af1f53314fab3) Importer(815301076,1909f56bfc062723c751e8b465ee728b)  -> (artifact id: '41e97fdbc2ad798ecd8705610229142f') in 0.013206 seconds
  Import took 0.016446 seconds .

========================================================================
Received Import Request.
  Time since last request: 19.491449 seconds.
  path: Assets/Scenes/Level 3.unity
  artifactKey: Guid(bd9c501cc7af03043ab215170acf2df8) Importer(815301076,1909f56bfc062723c751e8b465ee728b)
Start importing Assets/Scenes/Level 3.unity using Guid(bd9c501cc7af03043ab215170acf2df8) Importer(815301076,1909f56bfc062723c751e8b465ee728b)  -> (artifact id: '1bb46f03b178ba22521b47c68672e54a') in 0.005565 seconds
  Import took 0.008084 seconds .

========================================================================
Received Prepare
Registering precompiled user dll's ...
Registered in 0.000668 seconds.
Begin MonoManager ReloadAssembly
Native extension for LinuxStandalone target not found
Native extension for WindowsStandalone target not found
Native extension for OSXStandalone target not found
Native extension for WebGL target not found
Refreshing native plugins compatible for Editor in 0.31 ms, found 1 plugins.
Preloading 0 native plugins for Editor in 0.00 ms.
Mono: successfully reloaded assembly
- Completed reload, in  0.653 seconds
Platform modules already initialized, skipping
Refreshing native plugins compatible for Editor in 0.31 ms, found 1 plugins.
Preloading 0 native plugins for Editor in 0.00 ms.
Unloading 1818 Unused Serialized files (Serialized files now loaded: 0)
System memory in use before: 90.1 MB.
System memory in use after: 90.1 MB.

Unloading 12 unused Assets to reduce memory usage. Loaded Objects now: 2456.
Total: 6.849000 ms (FindLiveObjects: 0.798400 ms CreateObjectMapping: 0.348300 ms MarkObjects: 5.609500 ms  DeleteObjects: 0.089900 ms)

========================================================================
Received Prepare
Registering precompiled user dll's ...
Registered in 0.000712 seconds.
Begin MonoManager ReloadAssembly
Native extension for LinuxStandalone target not found
Native extension for WindowsStandalone target not found
Native extension for OSXStandalone target not found
Native extension for WebGL target not found
Refreshing native plugins compatible for Editor in 0.30 ms, found 1 plugins.
Preloading 0 native plugins for Editor in 0.00 ms.
Mono: successfully reloaded assembly
- Completed reload, in  0.642 seconds
Platform modules already initialized, skipping
Refreshing native plugins compatible for Editor in 0.30 ms, found 1 plugins.
Preloading 0 native plugins for Editor in 0.00 ms.
Unloading 1818 Unused Serialized files (Serialized files now loaded: 0)
System memory in use before: 90.1 MB.
System memory in use after: 90.1 MB.

Unloading 12 unused Assets to reduce memory usage. Loaded Objects now: 2460.
Total: 1.848300 ms (FindLiveObjects: 0.184500 ms CreateObjectMapping: 0.048300 ms MarkObjects: 1.528400 ms  DeleteObjects: 0.086300 ms)

========================================================================
Received Import Request.
  Time since last request: 153.158369 seconds.
  path: Assets/Prefabs/Breakable Block 2 Hits.prefab
  artifactKey: Guid(93f69600df57b9c4083af1f53314fab3) Importer(815301076,1909f56bfc062723c751e8b465ee728b)
Start importing Assets/Prefabs/Breakable Block 2 Hits.prefab using Guid(93f69600df57b9c4083af1f53314fab3) Importer(815301076,1909f56bfc062723c751e8b465ee728b)  -> (artifact id: '71500c75e7ae4ce0b36400937cf3edd9') in 0.039925 seconds
  Import took 0.042422 seconds .

========================================================================
Received Import Request.
  Time since last request: 16.778539 seconds.
  path: Assets/Prefabs/Breakable Block 3 Hits.prefab
  artifactKey: Guid(2295b039dc7e1fa458242d3e16b2f44c) Importer(815301076,1909f56bfc062723c751e8b465ee728b)
Start importing Assets/Prefabs/Breakable Block 3 Hits.prefab using Guid(2295b039dc7e1fa458242d3e16b2f44c) Importer(815301076,1909f56bfc062723c751e8b465ee728b)  -> (artifact id: 'a8d4063ac16a7d6d5abcbeb083ae9b6b') in 0.006733 seconds
  Import took 0.009360 seconds .

========================================================================
Received Import Request.
  Time since last request: 2.273054 seconds.
  path: Assets/Prefabs/Breakable Block 3 Hits.prefab
  artifactKey: Guid(2295b039dc7e1fa458242d3e16b2f44c) Importer(815301076,1909f56bfc062723c751e8b465ee728b)
Start importing Assets/Prefabs/Breakable Block 3 Hits.prefab using Guid(2295b039dc7e1fa458242d3e16b2f44c) Importer(815301076,1909f56bfc062723c751e8b465ee728b)  -> (artifact id: 'dfd322a64e547d903e81d76b77ff0c23') in 0.006774 seconds
  Import took 0.009405 seconds .

========================================================================
Received Prepare
Registering precompiled user dll's ...
Registered in 0.000675 seconds.
Begin MonoManager ReloadAssembly
Native extension for LinuxStandalone target not found
Native extension for WindowsStandalone target not found
Native extension for OSXStandalone target not found
Native extension for WebGL target not found
Refreshing native plugins compatible for Editor in 0.32 ms, found 1 plugins.
Preloading 0 native plugins for Editor in 0.00 ms.
Mono: successfully reloaded assembly
- Completed reload, in  0.665 seconds
Platform modules already initialized, skipping
Refreshing native plugins compatible for Editor in 0.31 ms, found 1 plugins.
Preloading 0 native plugins for Editor in 0.00 ms.
Unloading 1818 Unused Serialized files (Serialized files now loaded: 0)
System memory in use before: 90.1 MB.
System memory in use after: 90.1 MB.

Unloading 12 unused Assets to reduce memory usage. Loaded Objects now: 2465.
Total: 1.629500 ms (FindLiveObjects: 0.156800 ms CreateObjectMapping: 0.048200 ms MarkObjects: 1.335300 ms  DeleteObjects: 0.088500 ms)

========================================================================
Received Import Request.
  Time since last request: 22.265038 seconds.
  path: Assets/Sprites/Block Broken 1.png
  artifactKey: Guid(7082a53c1e0be7c4b8e39bda6394b919) Importer(815301076,1909f56bfc062723c751e8b465ee728b)
Start importing Assets/Sprites/Block Broken 1.png using Guid(7082a53c1e0be7c4b8e39bda6394b919) Importer(815301076,1909f56bfc062723c751e8b465ee728b)  -> (artifact id: '1a18cb9b7bb24314baa744019460f131') in 0.042487 seconds
  Import took 0.045010 seconds .

========================================================================
Received Import Request.
  Time since last request: 8.093891 seconds.
  path: Assets/Sprites/Block Broken 2.png
  artifactKey: Guid(d4545d7430897184280e7d72f56b8c54) Importer(815301076,1909f56bfc062723c751e8b465ee728b)
Start importing Assets/Sprites/Block Broken 2.png using Guid(d4545d7430897184280e7d72f56b8c54) Importer(815301076,1909f56bfc062723c751e8b465ee728b)  -> (artifact id: '169b47e50412ac28a700e7efc6a70d44') in 0.010126 seconds
  Import took 0.012666 seconds .

========================================================================
Received Import Request.
  Time since last request: 0.032136 seconds.
  path: Assets/Sprites/Block Broken 2.png
  artifactKey: Guid(d4545d7430897184280e7d72f56b8c54) Importer(815301076,1909f56bfc062723c751e8b465ee728b)
Start importing Assets/Sprites/Block Broken 2.png using Guid(d4545d7430897184280e7d72f56b8c54) Importer(815301076,1909f56bfc062723c751e8b465ee728b)  -> (artifact id: '169b47e50412ac28a700e7efc6a70d44') in 0.010694 seconds
  Import took 0.013286 seconds .

========================================================================
Received Prepare
Registering precompiled user dll's ...
Registered in 0.000610 seconds.
Begin MonoManager ReloadAssembly
Native extension for LinuxStandalone target not found
Native extension for WindowsStandalone target not found
Native extension for OSXStandalone target not found
Native extension for WebGL target not found
Refreshing native plugins compatible for Editor in 0.30 ms, found 1 plugins.
Preloading 0 native plugins for Editor in 0.00 ms.
Mono: successfully reloaded assembly
- Completed reload, in  0.656 seconds
Platform modules already initialized, skipping
Refreshing native plugins compatible for Editor in 0.31 ms, found 1 plugins.
Preloading 0 native plugins for Editor in 0.00 ms.
Unloading 1818 Unused Serialized files (Serialized files now loaded: 0)
System memory in use before: 90.3 MB.
System memory in use after: 90.3 MB.

Unloading 12 unused Assets to reduce memory usage. Loaded Objects now: 2470.
Total: 1.793500 ms (FindLiveObjects: 0.159900 ms CreateObjectMapping: 0.050400 ms MarkObjects: 1.499600 ms  DeleteObjects: 0.083000 ms)

AssetImportWorkerClient::OnTransportError - code=2 error=End of file
